<?xml version="1.0" encoding="UTF-8"?>
<robot generator="Robot 3.2.2 (Python 3.7.4 on win32)" generated="20210301 14:29:18.102" rpa="false">
<suite id="s1" name="LabAutoForG" source="C:\Users\HC\PycharmProjects\ProjectWithRobotFramework\TestLabAuto\LabAutoForG.robot">
<test id="s1-t1" name="User can access the web site">
<kw name="Generate Tests" library="keywords" type="setup">
<kw name="Open Browser" library="SeleniumLibrary">
<doc>Opens a new browser instance to the optional ``url``.</doc>
<arguments>
<arg>about:blank</arg>
<arg>${BROWSER}</arg>
</arguments>
<msg timestamp="20210301 14:29:18.518" level="INFO">Opening browser 'chrome' to base url 'about:blank'.</msg>
<status status="PASS" starttime="20210301 14:29:18.518" endtime="20210301 14:29:21.692"></status>
</kw>
<status status="PASS" starttime="20210301 14:29:18.517" endtime="20210301 14:29:21.692"></status>
</kw>
<kw name="Go To Web" library="keywords">
<kw name="Load Web" library="keywords">
<kw name="Go To" library="SeleniumLibrary">
<doc>Navigates the current browser window to the provided ``url``.</doc>
<arguments>
<arg>${URL}</arg>
</arguments>
<msg timestamp="20210301 14:29:21.699" level="INFO">Opening url 'http://www.rental8.infotiv.net/'</msg>
<status status="PASS" starttime="20210301 14:29:21.698" endtime="20210301 14:29:22.319"></status>
</kw>
<status status="PASS" starttime="20210301 14:29:21.697" endtime="20210301 14:29:22.320"></status>
</kw>
<kw name="Verify Page Loaded" library="keywords">
<kw name="Get Title" library="SeleniumLibrary">
<doc>Returns the title of the current page.</doc>
<assign>
<var>${GET_TITLE}</var>
</assign>
<msg timestamp="20210301 14:29:22.327" level="INFO">${GET_TITLE} = Infotiv Car Rental</msg>
<status status="PASS" starttime="20210301 14:29:22.321" endtime="20210301 14:29:22.327"></status>
</kw>
<kw name="Should Be Equal" library="BuiltIn">
<doc>Fails if the given objects are unequal.</doc>
<arguments>
<arg>${GET_TITLE}</arg>
<arg>Infotiv Car Rental</arg>
</arguments>
<status status="PASS" starttime="20210301 14:29:22.327" endtime="20210301 14:29:22.328"></status>
</kw>
<kw name="Page Should Contain" library="SeleniumLibrary">
<doc>Verifies that current page contains ``text``.</doc>
<arguments>
<arg>When do you want to make your trip?</arg>
</arguments>
<msg timestamp="20210301 14:29:22.349" level="INFO">Current page contains text 'When do you want to make your trip?'.</msg>
<status status="PASS" starttime="20210301 14:29:22.328" endtime="20210301 14:29:22.350"></status>
</kw>
<status status="PASS" starttime="20210301 14:29:22.320" endtime="20210301 14:29:22.350"></status>
</kw>
<status status="PASS" starttime="20210301 14:29:21.693" endtime="20210301 14:29:22.350"></status>
</kw>
<kw name="End the test" library="keywords" type="teardown">
<kw name="Click Element" library="SeleniumLibrary">
<doc>Click the element identified by ``locator``.</doc>
<arguments>
<arg>//*[@id="title"]</arg>
</arguments>
<msg timestamp="20210301 14:29:22.352" level="INFO">Clicking element '//*[@id="title"]'.</msg>
<status status="PASS" starttime="20210301 14:29:22.351" endtime="20210301 14:29:22.694"></status>
</kw>
<kw name="Wait Until Page Contains Element" library="SeleniumLibrary">
<doc>Waits until the element ``locator`` appears on the current page.</doc>
<arguments>
<arg>//*[@id="reset"]</arg>
</arguments>
<status status="PASS" starttime="20210301 14:29:22.694" endtime="20210301 14:29:22.713"></status>
</kw>
<kw name="Click Button" library="SeleniumLibrary">
<doc>Clicks the button identified by ``locator``.</doc>
<arguments>
<arg>//*[@id="reset"]</arg>
</arguments>
<msg timestamp="20210301 14:29:22.714" level="INFO">Clicking button '//*[@id="reset"]'.</msg>
<status status="PASS" starttime="20210301 14:29:22.714" endtime="20210301 14:29:23.010"></status>
</kw>
<kw name="Close Browser" library="SeleniumLibrary">
<doc>Closes the current browser.</doc>
<status status="PASS" starttime="20210301 14:29:23.011" endtime="20210301 14:29:25.217"></status>
</kw>
<status status="PASS" starttime="20210301 14:29:22.350" endtime="20210301 14:29:25.218"></status>
</kw>
<doc>This is to test if the web site can be opened on browser</doc>
<tags>
<tag>Web_accessable</tag>
</tags>
<status status="PASS" starttime="20210301 14:29:18.516" endtime="20210301 14:29:25.218" critical="yes"></status>
</test>
<test id="s1-t2" name="User can access About page">
<kw name="Generate Tests" library="keywords" type="setup">
<kw name="Open Browser" library="SeleniumLibrary">
<doc>Opens a new browser instance to the optional ``url``.</doc>
<arguments>
<arg>about:blank</arg>
<arg>${BROWSER}</arg>
</arguments>
<msg timestamp="20210301 14:29:25.225" level="INFO">Opening browser 'chrome' to base url 'about:blank'.</msg>
<status status="PASS" starttime="20210301 14:29:25.224" endtime="20210301 14:29:27.485"></status>
</kw>
<status status="PASS" starttime="20210301 14:29:25.223" endtime="20210301 14:29:27.486"></status>
</kw>
<kw name="Go To Web" library="keywords">
<kw name="Load Web" library="keywords">
<kw name="Go To" library="SeleniumLibrary">
<doc>Navigates the current browser window to the provided ``url``.</doc>
<arguments>
<arg>${URL}</arg>
</arguments>
<msg timestamp="20210301 14:29:27.490" level="INFO">Opening url 'http://www.rental8.infotiv.net/'</msg>
<status status="PASS" starttime="20210301 14:29:27.489" endtime="20210301 14:29:28.694"></status>
</kw>
<status status="PASS" starttime="20210301 14:29:27.488" endtime="20210301 14:29:28.695"></status>
</kw>
<kw name="Verify Page Loaded" library="keywords">
<kw name="Get Title" library="SeleniumLibrary">
<doc>Returns the title of the current page.</doc>
<assign>
<var>${GET_TITLE}</var>
</assign>
<msg timestamp="20210301 14:29:28.705" level="INFO">${GET_TITLE} = Infotiv Car Rental</msg>
<status status="PASS" starttime="20210301 14:29:28.695" endtime="20210301 14:29:28.705"></status>
</kw>
<kw name="Should Be Equal" library="BuiltIn">
<doc>Fails if the given objects are unequal.</doc>
<arguments>
<arg>${GET_TITLE}</arg>
<arg>Infotiv Car Rental</arg>
</arguments>
<status status="PASS" starttime="20210301 14:29:28.705" endtime="20210301 14:29:28.706"></status>
</kw>
<kw name="Page Should Contain" library="SeleniumLibrary">
<doc>Verifies that current page contains ``text``.</doc>
<arguments>
<arg>When do you want to make your trip?</arg>
</arguments>
<msg timestamp="20210301 14:29:28.728" level="INFO">Current page contains text 'When do you want to make your trip?'.</msg>
<status status="PASS" starttime="20210301 14:29:28.707" endtime="20210301 14:29:28.728"></status>
</kw>
<status status="PASS" starttime="20210301 14:29:28.695" endtime="20210301 14:29:28.728"></status>
</kw>
<status status="PASS" starttime="20210301 14:29:27.487" endtime="20210301 14:29:28.728"></status>
</kw>
<kw name="Click About" library="keywords">
<arguments>
<arg>//*[@id="about"]</arg>
</arguments>
<kw name="Press Keys" library="SeleniumLibrary">
<doc>Simulates the user pressing key(s) to an element or on the active browser.</doc>
<arguments>
<arg>${CLICK}</arg>
<arg>RETURN</arg>
</arguments>
<msg timestamp="20210301 14:29:28.731" level="INFO">Sending key(s) ('RETURN',) to //*[@id="about"] element.</msg>
<msg timestamp="20210301 14:29:29.372" level="INFO">Pressing special key RETURN to element.</msg>
<msg timestamp="20210301 14:29:29.373" level="INFO">Releasing special key RETURN.</msg>
<status status="PASS" starttime="20210301 14:29:28.730" endtime="20210301 14:29:29.382"></status>
</kw>
<status status="PASS" starttime="20210301 14:29:28.730" endtime="20210301 14:29:29.383"></status>
</kw>
<kw name="Verify Page About Loaded" library="keywords">
<arguments>
<arg>Documentation</arg>
</arguments>
<kw name="Wait Until Page Contains Element" library="SeleniumLibrary">
<doc>Waits until the element ``locator`` appears on the current page.</doc>
<arguments>
<arg>//*[@id="linkButton"]</arg>
</arguments>
<status status="PASS" starttime="20210301 14:29:29.384" endtime="20210301 14:29:29.400"></status>
</kw>
<kw name="Get Text" library="SeleniumLibrary">
<doc>Returns the text value of the element identified by ``locator``.</doc>
<arguments>
<arg>//*[@id="linkButton"]</arg>
</arguments>
<assign>
<var>${ACUTAL_BUTTON}</var>
</assign>
<msg timestamp="20210301 14:29:29.424" level="INFO">${ACUTAL_BUTTON} = Documentation</msg>
<status status="PASS" starttime="20210301 14:29:29.400" endtime="20210301 14:29:29.424"></status>
</kw>
<kw name="Should Be Equal" library="BuiltIn">
<doc>Fails if the given objects are unequal.</doc>
<arguments>
<arg>"${BUTTON}"</arg>
<arg>"${ACUTAL_BUTTON}"</arg>
</arguments>
<status status="PASS" starttime="20210301 14:29:29.424" endtime="20210301 14:29:29.424"></status>
</kw>
<status status="PASS" starttime="20210301 14:29:29.383" endtime="20210301 14:29:29.425"></status>
</kw>
<kw name="End the test" library="keywords" type="teardown">
<kw name="Click Element" library="SeleniumLibrary">
<doc>Click the element identified by ``locator``.</doc>
<arguments>
<arg>//*[@id="title"]</arg>
</arguments>
<msg timestamp="20210301 14:29:29.426" level="INFO">Clicking element '//*[@id="title"]'.</msg>
<status status="PASS" starttime="20210301 14:29:29.426" endtime="20210301 14:29:29.713"></status>
</kw>
<kw name="Wait Until Page Contains Element" library="SeleniumLibrary">
<doc>Waits until the element ``locator`` appears on the current page.</doc>
<arguments>
<arg>//*[@id="reset"]</arg>
</arguments>
<status status="PASS" starttime="20210301 14:29:29.714" endtime="20210301 14:29:29.733"></status>
</kw>
<kw name="Click Button" library="SeleniumLibrary">
<doc>Clicks the button identified by ``locator``.</doc>
<arguments>
<arg>//*[@id="reset"]</arg>
</arguments>
<msg timestamp="20210301 14:29:29.734" level="INFO">Clicking button '//*[@id="reset"]'.</msg>
<status status="PASS" starttime="20210301 14:29:29.734" endtime="20210301 14:29:30.030"></status>
</kw>
<kw name="Close Browser" library="SeleniumLibrary">
<doc>Closes the current browser.</doc>
<status status="PASS" starttime="20210301 14:29:30.031" endtime="20210301 14:29:32.289"></status>
</kw>
<status status="PASS" starttime="20210301 14:29:29.425" endtime="20210301 14:29:32.289"></status>
</kw>
<doc>User can access About page by clicking ABOUT button</doc>
<tags>
<tag>About_page</tag>
</tags>
<status status="PASS" starttime="20210301 14:29:25.220" endtime="20210301 14:29:32.290" critical="yes"></status>
</test>
<test id="s1-t3" name="User can open regiseration page">
<kw name="Generate Tests" library="keywords" type="setup">
<kw name="Open Browser" library="SeleniumLibrary">
<doc>Opens a new browser instance to the optional ``url``.</doc>
<arguments>
<arg>about:blank</arg>
<arg>${BROWSER}</arg>
</arguments>
<msg timestamp="20210301 14:29:32.297" level="INFO">Opening browser 'chrome' to base url 'about:blank'.</msg>
<status status="PASS" starttime="20210301 14:29:32.296" endtime="20210301 14:29:34.555"></status>
</kw>
<status status="PASS" starttime="20210301 14:29:32.294" endtime="20210301 14:29:34.555"></status>
</kw>
<kw name="Go To Web" library="keywords">
<kw name="Load Web" library="keywords">
<kw name="Go To" library="SeleniumLibrary">
<doc>Navigates the current browser window to the provided ``url``.</doc>
<arguments>
<arg>${URL}</arg>
</arguments>
<msg timestamp="20210301 14:29:34.558" level="INFO">Opening url 'http://www.rental8.infotiv.net/'</msg>
<status status="PASS" starttime="20210301 14:29:34.558" endtime="20210301 14:29:35.698"></status>
</kw>
<status status="PASS" starttime="20210301 14:29:34.557" endtime="20210301 14:29:35.699"></status>
</kw>
<kw name="Verify Page Loaded" library="keywords">
<kw name="Get Title" library="SeleniumLibrary">
<doc>Returns the title of the current page.</doc>
<assign>
<var>${GET_TITLE}</var>
</assign>
<msg timestamp="20210301 14:29:35.711" level="INFO">${GET_TITLE} = Infotiv Car Rental</msg>
<status status="PASS" starttime="20210301 14:29:35.700" endtime="20210301 14:29:35.711"></status>
</kw>
<kw name="Should Be Equal" library="BuiltIn">
<doc>Fails if the given objects are unequal.</doc>
<arguments>
<arg>${GET_TITLE}</arg>
<arg>Infotiv Car Rental</arg>
</arguments>
<status status="PASS" starttime="20210301 14:29:35.712" endtime="20210301 14:29:35.712"></status>
</kw>
<kw name="Page Should Contain" library="SeleniumLibrary">
<doc>Verifies that current page contains ``text``.</doc>
<arguments>
<arg>When do you want to make your trip?</arg>
</arguments>
<msg timestamp="20210301 14:29:35.733" level="INFO">Current page contains text 'When do you want to make your trip?'.</msg>
<status status="PASS" starttime="20210301 14:29:35.712" endtime="20210301 14:29:35.733"></status>
</kw>
<status status="PASS" starttime="20210301 14:29:35.699" endtime="20210301 14:29:35.733"></status>
</kw>
<status status="PASS" starttime="20210301 14:29:34.556" endtime="20210301 14:29:35.734"></status>
</kw>
<kw name="Access To Registration Page" library="keywords">
<arguments>
<arg>Create</arg>
<arg>Cancel</arg>
</arguments>
<kw name="Click Create User" library="keywords">
<kw name="Press Keys" library="SeleniumLibrary">
<doc>Simulates the user pressing key(s) to an element or on the active browser.</doc>
<arguments>
<arg>//*[@id="createUser"]</arg>
<arg>RETURN</arg>
</arguments>
<msg timestamp="20210301 14:29:35.735" level="INFO">Sending key(s) ('RETURN',) to //*[@id="createUser"] element.</msg>
<msg timestamp="20210301 14:29:36.305" level="INFO">Pressing special key RETURN to element.</msg>
<msg timestamp="20210301 14:29:36.306" level="INFO">Releasing special key RETURN.</msg>
<status status="PASS" starttime="20210301 14:29:35.735" endtime="20210301 14:29:36.317"></status>
</kw>
<status status="PASS" starttime="20210301 14:29:35.734" endtime="20210301 14:29:36.317"></status>
</kw>
<kw name="Verify Registration Page Loaded" library="keywords">
<arguments>
<arg>${Create_expected}</arg>
<arg>${Cancel_expected}</arg>
</arguments>
<kw name="Page Should Contain" library="SeleniumLibrary">
<doc>Verifies that current page contains ``text``.</doc>
<arguments>
<arg>Create a new user</arg>
</arguments>
<msg timestamp="20210301 14:29:36.334" level="INFO">Current page contains text 'Create a new user'.</msg>
<status status="PASS" starttime="20210301 14:29:36.318" endtime="20210301 14:29:36.334"></status>
</kw>
<kw name="Wait Until Page Contains Element" library="SeleniumLibrary">
<doc>Waits until the element ``locator`` appears on the current page.</doc>
<arguments>
<arg>//*[@id="create"]</arg>
</arguments>
<status status="PASS" starttime="20210301 14:29:36.334" endtime="20210301 14:29:36.347"></status>
</kw>
<kw name="Get Text" library="SeleniumLibrary">
<doc>Returns the text value of the element identified by ``locator``.</doc>
<arguments>
<arg>//*[@id="create"]</arg>
</arguments>
<assign>
<var>${BUTTON_CREATE}</var>
</assign>
<msg timestamp="20210301 14:29:36.371" level="INFO">${BUTTON_CREATE} = Create</msg>
<status status="PASS" starttime="20210301 14:29:36.347" endtime="20210301 14:29:36.371"></status>
</kw>
<kw name="Should Be Equal" library="BuiltIn">
<doc>Fails if the given objects are unequal.</doc>
<arguments>
<arg>"${Create_expected}"</arg>
<arg>"${BUTTON_CREATE}"</arg>
</arguments>
<status status="PASS" starttime="20210301 14:29:36.371" endtime="20210301 14:29:36.371"></status>
</kw>
<kw name="Wait Until Page Contains Element" library="SeleniumLibrary">
<doc>Waits until the element ``locator`` appears on the current page.</doc>
<arguments>
<arg>//*[@id="cancel"]</arg>
</arguments>
<status status="PASS" starttime="20210301 14:29:36.372" endtime="20210301 14:29:36.385"></status>
</kw>
<kw name="Get Text" library="SeleniumLibrary">
<doc>Returns the text value of the element identified by ``locator``.</doc>
<arguments>
<arg>//*[@id="cancel"]</arg>
</arguments>
<assign>
<var>${BUTTON_CANCEL}</var>
</assign>
<msg timestamp="20210301 14:29:36.409" level="INFO">${BUTTON_CANCEL} = Cancel</msg>
<status status="PASS" starttime="20210301 14:29:36.385" endtime="20210301 14:29:36.409"></status>
</kw>
<kw name="Should Be Equal" library="BuiltIn">
<doc>Fails if the given objects are unequal.</doc>
<arguments>
<arg>"${Cancel_expected}"</arg>
<arg>"${BUTTON_CANCEL}"</arg>
</arguments>
<status status="PASS" starttime="20210301 14:29:36.409" endtime="20210301 14:29:36.410"></status>
</kw>
<status status="PASS" starttime="20210301 14:29:36.317" endtime="20210301 14:29:36.410"></status>
</kw>
<status status="PASS" starttime="20210301 14:29:35.734" endtime="20210301 14:29:36.410"></status>
</kw>
<kw name="End the test" library="keywords" type="teardown">
<kw name="Click Element" library="SeleniumLibrary">
<doc>Click the element identified by ``locator``.</doc>
<arguments>
<arg>//*[@id="title"]</arg>
</arguments>
<msg timestamp="20210301 14:29:36.411" level="INFO">Clicking element '//*[@id="title"]'.</msg>
<status status="PASS" starttime="20210301 14:29:36.411" endtime="20210301 14:29:36.711"></status>
</kw>
<kw name="Wait Until Page Contains Element" library="SeleniumLibrary">
<doc>Waits until the element ``locator`` appears on the current page.</doc>
<arguments>
<arg>//*[@id="reset"]</arg>
</arguments>
<status status="PASS" starttime="20210301 14:29:36.711" endtime="20210301 14:29:36.735"></status>
</kw>
<kw name="Click Button" library="SeleniumLibrary">
<doc>Clicks the button identified by ``locator``.</doc>
<arguments>
<arg>//*[@id="reset"]</arg>
</arguments>
<msg timestamp="20210301 14:29:36.736" level="INFO">Clicking button '//*[@id="reset"]'.</msg>
<status status="PASS" starttime="20210301 14:29:36.735" endtime="20210301 14:29:37.051"></status>
</kw>
<kw name="Close Browser" library="SeleniumLibrary">
<doc>Closes the current browser.</doc>
<status status="PASS" starttime="20210301 14:29:37.051" endtime="20210301 14:29:39.247"></status>
</kw>
<status status="PASS" starttime="20210301 14:29:36.411" endtime="20210301 14:29:39.248"></status>
</kw>
<doc>User can access to the account registration page</doc>
<tags>
<tag>Ready to register account</tag>
</tags>
<status status="PASS" starttime="20210301 14:29:32.292" endtime="20210301 14:29:39.248" critical="yes"></status>
</test>
<test id="s1-t4" name="User can legally login">
<kw name="Generate Tests" library="keywords" type="setup">
<kw name="Open Browser" library="SeleniumLibrary">
<doc>Opens a new browser instance to the optional ``url``.</doc>
<arguments>
<arg>about:blank</arg>
<arg>${BROWSER}</arg>
</arguments>
<msg timestamp="20210301 14:29:39.255" level="INFO">Opening browser 'chrome' to base url 'about:blank'.</msg>
<status status="PASS" starttime="20210301 14:29:39.254" endtime="20210301 14:29:41.458"></status>
</kw>
<status status="PASS" starttime="20210301 14:29:39.252" endtime="20210301 14:29:41.459"></status>
</kw>
<kw name="Go To Web" library="keywords">
<kw name="Load Web" library="keywords">
<kw name="Go To" library="SeleniumLibrary">
<doc>Navigates the current browser window to the provided ``url``.</doc>
<arguments>
<arg>${URL}</arg>
</arguments>
<msg timestamp="20210301 14:29:41.462" level="INFO">Opening url 'http://www.rental8.infotiv.net/'</msg>
<status status="PASS" starttime="20210301 14:29:41.461" endtime="20210301 14:29:42.574"></status>
</kw>
<status status="PASS" starttime="20210301 14:29:41.460" endtime="20210301 14:29:42.574"></status>
</kw>
<kw name="Verify Page Loaded" library="keywords">
<kw name="Get Title" library="SeleniumLibrary">
<doc>Returns the title of the current page.</doc>
<assign>
<var>${GET_TITLE}</var>
</assign>
<msg timestamp="20210301 14:29:42.583" level="INFO">${GET_TITLE} = Infotiv Car Rental</msg>
<status status="PASS" starttime="20210301 14:29:42.575" endtime="20210301 14:29:42.583"></status>
</kw>
<kw name="Should Be Equal" library="BuiltIn">
<doc>Fails if the given objects are unequal.</doc>
<arguments>
<arg>${GET_TITLE}</arg>
<arg>Infotiv Car Rental</arg>
</arguments>
<status status="PASS" starttime="20210301 14:29:42.584" endtime="20210301 14:29:42.585"></status>
</kw>
<kw name="Page Should Contain" library="SeleniumLibrary">
<doc>Verifies that current page contains ``text``.</doc>
<arguments>
<arg>When do you want to make your trip?</arg>
</arguments>
<msg timestamp="20210301 14:29:42.606" level="INFO">Current page contains text 'When do you want to make your trip?'.</msg>
<status status="PASS" starttime="20210301 14:29:42.585" endtime="20210301 14:29:42.606"></status>
</kw>
<status status="PASS" starttime="20210301 14:29:42.574" endtime="20210301 14:29:42.606"></status>
</kw>
<status status="PASS" starttime="20210301 14:29:41.459" endtime="20210301 14:29:42.606"></status>
</kw>
<kw name="Login Account" library="keywords">
<arguments>
<arg>feng.zhu@iths.se</arg>
<arg>abc123</arg>
</arguments>
<kw name="Enter Account Info" library="keywords">
<arguments>
<arg>${email}</arg>
<arg>${password}</arg>
</arguments>
<kw name="Input Text" library="SeleniumLibrary">
<doc>Types the given ``text`` into the text field identified by ``locator``.</doc>
<arguments>
<arg>//input[@id="email"]</arg>
<arg>${email}</arg>
</arguments>
<msg timestamp="20210301 14:29:42.608" level="INFO">Typing text 'feng.zhu@iths.se' into text field '//input[@id="email"]'.</msg>
<status status="PASS" starttime="20210301 14:29:42.608" endtime="20210301 14:29:42.731"></status>
</kw>
<kw name="Input Text" library="SeleniumLibrary">
<doc>Types the given ``text`` into the text field identified by ``locator``.</doc>
<arguments>
<arg>//input[@id="password"]</arg>
<arg>${password}</arg>
</arguments>
<msg timestamp="20210301 14:29:42.732" level="INFO">Typing text 'abc123' into text field '//input[@id="password"]'.</msg>
<status status="PASS" starttime="20210301 14:29:42.732" endtime="20210301 14:29:42.840"></status>
</kw>
<status status="PASS" starttime="20210301 14:29:42.607" endtime="20210301 14:29:42.841"></status>
</kw>
<kw name="Click Login" library="keywords">
<kw name="Press Keys" library="SeleniumLibrary">
<doc>Simulates the user pressing key(s) to an element or on the active browser.</doc>
<arguments>
<arg>//*[@id="login"]</arg>
<arg>RETURN</arg>
</arguments>
<msg timestamp="20210301 14:29:42.842" level="INFO">Sending key(s) ('RETURN',) to //*[@id="login"] element.</msg>
<msg timestamp="20210301 14:29:43.724" level="INFO">Pressing special key RETURN to element.</msg>
<msg timestamp="20210301 14:29:43.725" level="INFO">Releasing special key RETURN.</msg>
<status status="PASS" starttime="20210301 14:29:42.841" endtime="20210301 14:29:43.738"></status>
</kw>
<status status="PASS" starttime="20210301 14:29:42.841" endtime="20210301 14:29:43.738"></status>
</kw>
<status status="PASS" starttime="20210301 14:29:42.606" endtime="20210301 14:29:43.739"></status>
</kw>
<kw name="Verify Login" library="keywords">
<kw name="Page Should Contain" library="SeleniumLibrary">
<doc>Verifies that current page contains ``text``.</doc>
<arguments>
<arg>You are signed in as feng</arg>
</arguments>
<msg timestamp="20210301 14:29:43.757" level="INFO">Current page contains text 'You are signed in as feng'.</msg>
<status status="PASS" starttime="20210301 14:29:43.739" endtime="20210301 14:29:43.757"></status>
</kw>
<status status="PASS" starttime="20210301 14:29:43.739" endtime="20210301 14:29:43.757"></status>
</kw>
<kw name="Varify MyPage and Logout button" library="keywords">
<kw name="Wait Until Page Contains Element" library="SeleniumLibrary">
<doc>Waits until the element ``locator`` appears on the current page.</doc>
<arguments>
<arg>//*[@id="mypage"]</arg>
</arguments>
<status status="PASS" starttime="20210301 14:29:43.758" endtime="20210301 14:29:43.772"></status>
</kw>
<kw name="Click Button" library="SeleniumLibrary">
<doc>Clicks the button identified by ``locator``.</doc>
<arguments>
<arg>//*[@id="mypage"]</arg>
</arguments>
<msg timestamp="20210301 14:29:43.772" level="INFO">Clicking button '//*[@id="mypage"]'.</msg>
<status status="PASS" starttime="20210301 14:29:43.772" endtime="20210301 14:29:44.075"></status>
</kw>
<kw name="Page Should Contain" library="SeleniumLibrary">
<doc>Verifies that current page contains ``text``.</doc>
<arguments>
<arg>My bookings</arg>
</arguments>
<msg timestamp="20210301 14:29:44.098" level="INFO">Current page contains text 'My bookings'.</msg>
<status status="PASS" starttime="20210301 14:29:44.075" endtime="20210301 14:29:44.098"></status>
</kw>
<kw name="Wait Until Page Contains Element" library="SeleniumLibrary">
<doc>Waits until the element ``locator`` appears on the current page.</doc>
<arguments>
<arg>//*[@id="logout"]</arg>
</arguments>
<status status="PASS" starttime="20210301 14:29:44.098" endtime="20210301 14:29:44.113"></status>
</kw>
<kw name="Click Button" library="SeleniumLibrary">
<doc>Clicks the button identified by ``locator``.</doc>
<arguments>
<arg>//*[@id="logout"]</arg>
</arguments>
<msg timestamp="20210301 14:29:44.113" level="INFO">Clicking button '//*[@id="logout"]'.</msg>
<status status="PASS" starttime="20210301 14:29:44.113" endtime="20210301 14:29:44.580"></status>
</kw>
<kw name="Page Should Contain Button" library="SeleniumLibrary">
<doc>Verifies button ``locator`` is found from current page.</doc>
<arguments>
<arg>//*[@id="login"]</arg>
</arguments>
<msg timestamp="20210301 14:29:44.619" level="INFO">Current page contains button '//*[@id="login"]'.</msg>
<status status="PASS" starttime="20210301 14:29:44.581" endtime="20210301 14:29:44.619"></status>
</kw>
<status status="PASS" starttime="20210301 14:29:43.757" endtime="20210301 14:29:44.619"></status>
</kw>
<kw name="End the test" library="keywords" type="teardown">
<kw name="Click Element" library="SeleniumLibrary">
<doc>Click the element identified by ``locator``.</doc>
<arguments>
<arg>//*[@id="title"]</arg>
</arguments>
<msg timestamp="20210301 14:29:44.620" level="INFO">Clicking element '//*[@id="title"]'.</msg>
<status status="PASS" starttime="20210301 14:29:44.620" endtime="20210301 14:29:44.921"></status>
</kw>
<kw name="Wait Until Page Contains Element" library="SeleniumLibrary">
<doc>Waits until the element ``locator`` appears on the current page.</doc>
<arguments>
<arg>//*[@id="reset"]</arg>
</arguments>
<status status="PASS" starttime="20210301 14:29:44.921" endtime="20210301 14:29:44.938"></status>
</kw>
<kw name="Click Button" library="SeleniumLibrary">
<doc>Clicks the button identified by ``locator``.</doc>
<arguments>
<arg>//*[@id="reset"]</arg>
</arguments>
<msg timestamp="20210301 14:29:44.939" level="INFO">Clicking button '//*[@id="reset"]'.</msg>
<status status="PASS" starttime="20210301 14:29:44.938" endtime="20210301 14:29:45.244"></status>
</kw>
<kw name="Close Browser" library="SeleniumLibrary">
<doc>Closes the current browser.</doc>
<status status="PASS" starttime="20210301 14:29:45.244" endtime="20210301 14:29:47.453"></status>
</kw>
<status status="PASS" starttime="20210301 14:29:44.619" endtime="20210301 14:29:47.454"></status>
</kw>
<doc>User can login with correct account and password</doc>
<tags>
<tag>Login</tag>
</tags>
<status status="PASS" starttime="20210301 14:29:39.250" endtime="20210301 14:29:47.454" critical="yes"></status>
</test>
<test id="s1-t5" name="User can not login by Wrong/Missing Email or Password">
<kw name="Generate Tests" library="keywords" type="setup">
<kw name="Open Browser" library="SeleniumLibrary">
<doc>Opens a new browser instance to the optional ``url``.</doc>
<arguments>
<arg>about:blank</arg>
<arg>${BROWSER}</arg>
</arguments>
<msg timestamp="20210301 14:29:47.464" level="INFO">Opening browser 'chrome' to base url 'about:blank'.</msg>
<status status="PASS" starttime="20210301 14:29:47.462" endtime="20210301 14:29:49.708"></status>
</kw>
<status status="PASS" starttime="20210301 14:29:47.461" endtime="20210301 14:29:49.709"></status>
</kw>
<kw name="Go To Web" library="keywords">
<kw name="Load Web" library="keywords">
<kw name="Go To" library="SeleniumLibrary">
<doc>Navigates the current browser window to the provided ``url``.</doc>
<arguments>
<arg>${URL}</arg>
</arguments>
<msg timestamp="20210301 14:29:49.711" level="INFO">Opening url 'http://www.rental8.infotiv.net/'</msg>
<status status="PASS" starttime="20210301 14:29:49.711" endtime="20210301 14:29:50.602"></status>
</kw>
<status status="PASS" starttime="20210301 14:29:49.710" endtime="20210301 14:29:50.603"></status>
</kw>
<kw name="Verify Page Loaded" library="keywords">
<kw name="Get Title" library="SeleniumLibrary">
<doc>Returns the title of the current page.</doc>
<assign>
<var>${GET_TITLE}</var>
</assign>
<msg timestamp="20210301 14:29:50.613" level="INFO">${GET_TITLE} = Infotiv Car Rental</msg>
<status status="PASS" starttime="20210301 14:29:50.604" endtime="20210301 14:29:50.613"></status>
</kw>
<kw name="Should Be Equal" library="BuiltIn">
<doc>Fails if the given objects are unequal.</doc>
<arguments>
<arg>${GET_TITLE}</arg>
<arg>Infotiv Car Rental</arg>
</arguments>
<status status="PASS" starttime="20210301 14:29:50.613" endtime="20210301 14:29:50.613"></status>
</kw>
<kw name="Page Should Contain" library="SeleniumLibrary">
<doc>Verifies that current page contains ``text``.</doc>
<arguments>
<arg>When do you want to make your trip?</arg>
</arguments>
<msg timestamp="20210301 14:29:50.634" level="INFO">Current page contains text 'When do you want to make your trip?'.</msg>
<status status="PASS" starttime="20210301 14:29:50.614" endtime="20210301 14:29:50.634"></status>
</kw>
<status status="PASS" starttime="20210301 14:29:50.603" endtime="20210301 14:29:50.635"></status>
</kw>
<status status="PASS" starttime="20210301 14:29:49.709" endtime="20210301 14:29:50.635"></status>
</kw>
<kw name="Login Account" library="keywords">
<arguments>
<arg>jane@example.com</arg>
<arg>abc123</arg>
</arguments>
<kw name="Enter Account Info" library="keywords">
<arguments>
<arg>${email}</arg>
<arg>${password}</arg>
</arguments>
<kw name="Input Text" library="SeleniumLibrary">
<doc>Types the given ``text`` into the text field identified by ``locator``.</doc>
<arguments>
<arg>//input[@id="email"]</arg>
<arg>${email}</arg>
</arguments>
<msg timestamp="20210301 14:29:50.637" level="INFO">Typing text 'jane@example.com' into text field '//input[@id="email"]'.</msg>
<status status="PASS" starttime="20210301 14:29:50.636" endtime="20210301 14:29:50.755"></status>
</kw>
<kw name="Input Text" library="SeleniumLibrary">
<doc>Types the given ``text`` into the text field identified by ``locator``.</doc>
<arguments>
<arg>//input[@id="password"]</arg>
<arg>${password}</arg>
</arguments>
<msg timestamp="20210301 14:29:50.756" level="INFO">Typing text 'abc123' into text field '//input[@id="password"]'.</msg>
<status status="PASS" starttime="20210301 14:29:50.755" endtime="20210301 14:29:50.858"></status>
</kw>
<status status="PASS" starttime="20210301 14:29:50.636" endtime="20210301 14:29:50.858"></status>
</kw>
<kw name="Click Login" library="keywords">
<kw name="Press Keys" library="SeleniumLibrary">
<doc>Simulates the user pressing key(s) to an element or on the active browser.</doc>
<arguments>
<arg>//*[@id="login"]</arg>
<arg>RETURN</arg>
</arguments>
<msg timestamp="20210301 14:29:50.859" level="INFO">Sending key(s) ('RETURN',) to //*[@id="login"] element.</msg>
<msg timestamp="20210301 14:29:51.642" level="INFO">Pressing special key RETURN to element.</msg>
<msg timestamp="20210301 14:29:51.642" level="INFO">Releasing special key RETURN.</msg>
<status status="PASS" starttime="20210301 14:29:50.859" endtime="20210301 14:29:51.656"></status>
</kw>
<status status="PASS" starttime="20210301 14:29:50.858" endtime="20210301 14:29:51.656"></status>
</kw>
<status status="PASS" starttime="20210301 14:29:50.635" endtime="20210301 14:29:51.657"></status>
</kw>
<kw name="Login Fail By Wrong Input" library="keywords">
<kw name="Page Should Contain" library="SeleniumLibrary">
<doc>Verifies that current page contains ``text``.</doc>
<arguments>
<arg>Wrong e-mail or password</arg>
</arguments>
<msg timestamp="20210301 14:29:51.674" level="INFO">Current page contains text 'Wrong e-mail or password'.</msg>
<status status="PASS" starttime="20210301 14:29:51.657" endtime="20210301 14:29:51.675"></status>
</kw>
<kw name="Page Should Contain Button" library="SeleniumLibrary">
<doc>Verifies button ``locator`` is found from current page.</doc>
<arguments>
<arg>//*[@id="login"]</arg>
</arguments>
<msg timestamp="20210301 14:29:51.707" level="INFO">Current page contains button '//*[@id="login"]'.</msg>
<status status="PASS" starttime="20210301 14:29:51.675" endtime="20210301 14:29:51.707"></status>
</kw>
<status status="PASS" starttime="20210301 14:29:51.657" endtime="20210301 14:29:51.707"></status>
</kw>
<kw name="Login Account" library="keywords">
<arguments>
<arg>feng.zhu@iths.se</arg>
<arg>123ab</arg>
</arguments>
<kw name="Enter Account Info" library="keywords">
<arguments>
<arg>${email}</arg>
<arg>${password}</arg>
</arguments>
<kw name="Input Text" library="SeleniumLibrary">
<doc>Types the given ``text`` into the text field identified by ``locator``.</doc>
<arguments>
<arg>//input[@id="email"]</arg>
<arg>${email}</arg>
</arguments>
<msg timestamp="20210301 14:29:51.709" level="INFO">Typing text 'feng.zhu@iths.se' into text field '//input[@id="email"]'.</msg>
<status status="PASS" starttime="20210301 14:29:51.708" endtime="20210301 14:29:51.819"></status>
</kw>
<kw name="Input Text" library="SeleniumLibrary">
<doc>Types the given ``text`` into the text field identified by ``locator``.</doc>
<arguments>
<arg>//input[@id="password"]</arg>
<arg>${password}</arg>
</arguments>
<msg timestamp="20210301 14:29:51.820" level="INFO">Typing text '123ab' into text field '//input[@id="password"]'.</msg>
<status status="PASS" starttime="20210301 14:29:51.820" endtime="20210301 14:29:51.916"></status>
</kw>
<status status="PASS" starttime="20210301 14:29:51.708" endtime="20210301 14:29:51.916"></status>
</kw>
<kw name="Click Login" library="keywords">
<kw name="Press Keys" library="SeleniumLibrary">
<doc>Simulates the user pressing key(s) to an element or on the active browser.</doc>
<arguments>
<arg>//*[@id="login"]</arg>
<arg>RETURN</arg>
</arguments>
<msg timestamp="20210301 14:29:51.917" level="INFO">Sending key(s) ('RETURN',) to //*[@id="login"] element.</msg>
<msg timestamp="20210301 14:29:52.251" level="INFO">Pressing special key RETURN to element.</msg>
<msg timestamp="20210301 14:29:52.252" level="INFO">Releasing special key RETURN.</msg>
<status status="PASS" starttime="20210301 14:29:51.917" endtime="20210301 14:29:52.271"></status>
</kw>
<status status="PASS" starttime="20210301 14:29:51.916" endtime="20210301 14:29:52.271"></status>
</kw>
<status status="PASS" starttime="20210301 14:29:51.707" endtime="20210301 14:29:52.272"></status>
</kw>
<kw name="Login Fail By Wrong Input" library="keywords">
<kw name="Page Should Contain" library="SeleniumLibrary">
<doc>Verifies that current page contains ``text``.</doc>
<arguments>
<arg>Wrong e-mail or password</arg>
</arguments>
<msg timestamp="20210301 14:29:52.286" level="INFO">Current page contains text 'Wrong e-mail or password'.</msg>
<status status="PASS" starttime="20210301 14:29:52.273" endtime="20210301 14:29:52.286"></status>
</kw>
<kw name="Page Should Contain Button" library="SeleniumLibrary">
<doc>Verifies button ``locator`` is found from current page.</doc>
<arguments>
<arg>//*[@id="login"]</arg>
</arguments>
<msg timestamp="20210301 14:29:52.324" level="INFO">Current page contains button '//*[@id="login"]'.</msg>
<status status="PASS" starttime="20210301 14:29:52.287" endtime="20210301 14:29:52.325"></status>
</kw>
<status status="PASS" starttime="20210301 14:29:52.272" endtime="20210301 14:29:52.325"></status>
</kw>
<kw name="Login Account" library="keywords">
<arguments>
<arg>jane@example.com</arg>
<arg>123abc</arg>
</arguments>
<kw name="Enter Account Info" library="keywords">
<arguments>
<arg>${email}</arg>
<arg>${password}</arg>
</arguments>
<kw name="Input Text" library="SeleniumLibrary">
<doc>Types the given ``text`` into the text field identified by ``locator``.</doc>
<arguments>
<arg>//input[@id="email"]</arg>
<arg>${email}</arg>
</arguments>
<msg timestamp="20210301 14:29:52.327" level="INFO">Typing text 'jane@example.com' into text field '//input[@id="email"]'.</msg>
<status status="PASS" starttime="20210301 14:29:52.326" endtime="20210301 14:29:52.435"></status>
</kw>
<kw name="Input Text" library="SeleniumLibrary">
<doc>Types the given ``text`` into the text field identified by ``locator``.</doc>
<arguments>
<arg>//input[@id="password"]</arg>
<arg>${password}</arg>
</arguments>
<msg timestamp="20210301 14:29:52.435" level="INFO">Typing text '123abc' into text field '//input[@id="password"]'.</msg>
<status status="PASS" starttime="20210301 14:29:52.435" endtime="20210301 14:29:52.504"></status>
</kw>
<status status="PASS" starttime="20210301 14:29:52.326" endtime="20210301 14:29:52.504"></status>
</kw>
<kw name="Click Login" library="keywords">
<kw name="Press Keys" library="SeleniumLibrary">
<doc>Simulates the user pressing key(s) to an element or on the active browser.</doc>
<arguments>
<arg>//*[@id="login"]</arg>
<arg>RETURN</arg>
</arguments>
<msg timestamp="20210301 14:29:52.505" level="INFO">Sending key(s) ('RETURN',) to //*[@id="login"] element.</msg>
<msg timestamp="20210301 14:29:53.204" level="INFO">Pressing special key RETURN to element.</msg>
<msg timestamp="20210301 14:29:53.204" level="INFO">Releasing special key RETURN.</msg>
<status status="PASS" starttime="20210301 14:29:52.505" endtime="20210301 14:29:53.215"></status>
</kw>
<status status="PASS" starttime="20210301 14:29:52.504" endtime="20210301 14:29:53.215"></status>
</kw>
<status status="PASS" starttime="20210301 14:29:52.325" endtime="20210301 14:29:53.216"></status>
</kw>
<kw name="Login Fail By Wrong Input" library="keywords">
<kw name="Page Should Contain" library="SeleniumLibrary">
<doc>Verifies that current page contains ``text``.</doc>
<arguments>
<arg>Wrong e-mail or password</arg>
</arguments>
<msg timestamp="20210301 14:29:53.231" level="INFO">Current page contains text 'Wrong e-mail or password'.</msg>
<status status="PASS" starttime="20210301 14:29:53.217" endtime="20210301 14:29:53.231"></status>
</kw>
<kw name="Page Should Contain Button" library="SeleniumLibrary">
<doc>Verifies button ``locator`` is found from current page.</doc>
<arguments>
<arg>//*[@id="login"]</arg>
</arguments>
<msg timestamp="20210301 14:29:53.260" level="INFO">Current page contains button '//*[@id="login"]'.</msg>
<status status="PASS" starttime="20210301 14:29:53.232" endtime="20210301 14:29:53.261"></status>
</kw>
<status status="PASS" starttime="20210301 14:29:53.216" endtime="20210301 14:29:53.261"></status>
</kw>
<kw name="Login Account" library="keywords">
<arguments>
<arg>\</arg>
<arg>abc123</arg>
</arguments>
<kw name="Enter Account Info" library="keywords">
<arguments>
<arg>${email}</arg>
<arg>${password}</arg>
</arguments>
<kw name="Input Text" library="SeleniumLibrary">
<doc>Types the given ``text`` into the text field identified by ``locator``.</doc>
<arguments>
<arg>//input[@id="email"]</arg>
<arg>${email}</arg>
</arguments>
<msg timestamp="20210301 14:29:53.263" level="INFO">Typing text '' into text field '//input[@id="email"]'.</msg>
<status status="PASS" starttime="20210301 14:29:53.263" endtime="20210301 14:29:53.348"></status>
</kw>
<kw name="Input Text" library="SeleniumLibrary">
<doc>Types the given ``text`` into the text field identified by ``locator``.</doc>
<arguments>
<arg>//input[@id="password"]</arg>
<arg>${password}</arg>
</arguments>
<msg timestamp="20210301 14:29:53.349" level="INFO">Typing text 'abc123' into text field '//input[@id="password"]'.</msg>
<status status="PASS" starttime="20210301 14:29:53.349" endtime="20210301 14:29:53.444"></status>
</kw>
<status status="PASS" starttime="20210301 14:29:53.262" endtime="20210301 14:29:53.444"></status>
</kw>
<kw name="Click Login" library="keywords">
<kw name="Press Keys" library="SeleniumLibrary">
<doc>Simulates the user pressing key(s) to an element or on the active browser.</doc>
<arguments>
<arg>//*[@id="login"]</arg>
<arg>RETURN</arg>
</arguments>
<msg timestamp="20210301 14:29:53.446" level="INFO">Sending key(s) ('RETURN',) to //*[@id="login"] element.</msg>
<msg timestamp="20210301 14:29:53.876" level="INFO">Pressing special key RETURN to element.</msg>
<msg timestamp="20210301 14:29:53.877" level="INFO">Releasing special key RETURN.</msg>
<status status="PASS" starttime="20210301 14:29:53.445" endtime="20210301 14:29:53.957"></status>
</kw>
<status status="PASS" starttime="20210301 14:29:53.445" endtime="20210301 14:29:53.958"></status>
</kw>
<status status="PASS" starttime="20210301 14:29:53.262" endtime="20210301 14:29:53.958"></status>
</kw>
<kw name="Login Fail By Missing Account" library="keywords">
<arguments>
<arg>Login</arg>
<arg>Create\ user</arg>
</arguments>
<kw name="Wait Until Page Contains Element" library="SeleniumLibrary">
<doc>Waits until the element ``locator`` appears on the current page.</doc>
<arguments>
<arg>//*[@id="login"]</arg>
</arguments>
<status status="PASS" starttime="20210301 14:29:53.961" endtime="20210301 14:29:54.013"></status>
</kw>
<kw name="Get Text" library="SeleniumLibrary">
<doc>Returns the text value of the element identified by ``locator``.</doc>
<arguments>
<arg>//*[@id="login"]</arg>
</arguments>
<assign>
<var>${LOGIN_BUTTON}</var>
</assign>
<msg timestamp="20210301 14:29:54.051" level="INFO">${LOGIN_BUTTON} = Login</msg>
<status status="PASS" starttime="20210301 14:29:54.013" endtime="20210301 14:29:54.051"></status>
</kw>
<kw name="Should Be Equal" library="BuiltIn">
<doc>Fails if the given objects are unequal.</doc>
<arguments>
<arg>"${LOGIN_BUTTON_TEXT}"</arg>
<arg>"${LOGIN_BUTTON}"</arg>
</arguments>
<status status="PASS" starttime="20210301 14:29:54.051" endtime="20210301 14:29:54.052"></status>
</kw>
<kw name="Wait Until Page Contains Element" library="SeleniumLibrary">
<doc>Waits until the element ``locator`` appears on the current page.</doc>
<arguments>
<arg>//*[@id="createUser"]</arg>
</arguments>
<status status="PASS" starttime="20210301 14:29:54.052" endtime="20210301 14:29:54.068"></status>
</kw>
<kw name="Get Text" library="SeleniumLibrary">
<doc>Returns the text value of the element identified by ``locator``.</doc>
<arguments>
<arg>//*[@id="createUser"]</arg>
</arguments>
<assign>
<var>${CREATE_BUTTON}</var>
</assign>
<msg timestamp="20210301 14:29:54.097" level="INFO">${CREATE_BUTTON} = Create user</msg>
<status status="PASS" starttime="20210301 14:29:54.068" endtime="20210301 14:29:54.097"></status>
</kw>
<kw name="Should Be Equal" library="BuiltIn">
<doc>Fails if the given objects are unequal.</doc>
<arguments>
<arg>"${CREATE_BUTTON_TEXT}"</arg>
<arg>"${CREATE_BUTTON}"</arg>
</arguments>
<status status="PASS" starttime="20210301 14:29:54.097" endtime="20210301 14:29:54.098"></status>
</kw>
<status status="PASS" starttime="20210301 14:29:53.959" endtime="20210301 14:29:54.098"></status>
</kw>
<kw name="Login Account" library="keywords">
<arguments>
<arg>feng.zhu@iths.se</arg>
<arg>\</arg>
</arguments>
<kw name="Enter Account Info" library="keywords">
<arguments>
<arg>${email}</arg>
<arg>${password}</arg>
</arguments>
<kw name="Input Text" library="SeleniumLibrary">
<doc>Types the given ``text`` into the text field identified by ``locator``.</doc>
<arguments>
<arg>//input[@id="email"]</arg>
<arg>${email}</arg>
</arguments>
<msg timestamp="20210301 14:29:54.101" level="INFO">Typing text 'feng.zhu@iths.se' into text field '//input[@id="email"]'.</msg>
<status status="PASS" starttime="20210301 14:29:54.101" endtime="20210301 14:29:54.188"></status>
</kw>
<kw name="Input Text" library="SeleniumLibrary">
<doc>Types the given ``text`` into the text field identified by ``locator``.</doc>
<arguments>
<arg>//input[@id="password"]</arg>
<arg>${password}</arg>
</arguments>
<msg timestamp="20210301 14:29:54.190" level="INFO">Typing text '' into text field '//input[@id="password"]'.</msg>
<status status="PASS" starttime="20210301 14:29:54.189" endtime="20210301 14:29:54.262"></status>
</kw>
<status status="PASS" starttime="20210301 14:29:54.099" endtime="20210301 14:29:54.263"></status>
</kw>
<kw name="Click Login" library="keywords">
<kw name="Press Keys" library="SeleniumLibrary">
<doc>Simulates the user pressing key(s) to an element or on the active browser.</doc>
<arguments>
<arg>//*[@id="login"]</arg>
<arg>RETURN</arg>
</arguments>
<msg timestamp="20210301 14:29:54.264" level="INFO">Sending key(s) ('RETURN',) to //*[@id="login"] element.</msg>
<msg timestamp="20210301 14:29:54.568" level="INFO">Pressing special key RETURN to element.</msg>
<msg timestamp="20210301 14:29:54.568" level="INFO">Releasing special key RETURN.</msg>
<status status="PASS" starttime="20210301 14:29:54.263" endtime="20210301 14:29:54.588"></status>
</kw>
<status status="PASS" starttime="20210301 14:29:54.263" endtime="20210301 14:29:54.588"></status>
</kw>
<status status="PASS" starttime="20210301 14:29:54.098" endtime="20210301 14:29:54.588"></status>
</kw>
<kw name="Login Fail By Missing Account" library="keywords">
<arguments>
<arg>Login</arg>
<arg>Create\ user</arg>
</arguments>
<kw name="Wait Until Page Contains Element" library="SeleniumLibrary">
<doc>Waits until the element ``locator`` appears on the current page.</doc>
<arguments>
<arg>//*[@id="login"]</arg>
</arguments>
<status status="PASS" starttime="20210301 14:29:54.589" endtime="20210301 14:29:54.600"></status>
</kw>
<kw name="Get Text" library="SeleniumLibrary">
<doc>Returns the text value of the element identified by ``locator``.</doc>
<arguments>
<arg>//*[@id="login"]</arg>
</arguments>
<assign>
<var>${LOGIN_BUTTON}</var>
</assign>
<msg timestamp="20210301 14:29:54.620" level="INFO">${LOGIN_BUTTON} = Login</msg>
<status status="PASS" starttime="20210301 14:29:54.601" endtime="20210301 14:29:54.620"></status>
</kw>
<kw name="Should Be Equal" library="BuiltIn">
<doc>Fails if the given objects are unequal.</doc>
<arguments>
<arg>"${LOGIN_BUTTON_TEXT}"</arg>
<arg>"${LOGIN_BUTTON}"</arg>
</arguments>
<status status="PASS" starttime="20210301 14:29:54.620" endtime="20210301 14:29:54.621"></status>
</kw>
<kw name="Wait Until Page Contains Element" library="SeleniumLibrary">
<doc>Waits until the element ``locator`` appears on the current page.</doc>
<arguments>
<arg>//*[@id="createUser"]</arg>
</arguments>
<status status="PASS" starttime="20210301 14:29:54.621" endtime="20210301 14:29:54.632"></status>
</kw>
<kw name="Get Text" library="SeleniumLibrary">
<doc>Returns the text value of the element identified by ``locator``.</doc>
<arguments>
<arg>//*[@id="createUser"]</arg>
</arguments>
<assign>
<var>${CREATE_BUTTON}</var>
</assign>
<msg timestamp="20210301 14:29:54.651" level="INFO">${CREATE_BUTTON} = Create user</msg>
<status status="PASS" starttime="20210301 14:29:54.632" endtime="20210301 14:29:54.651"></status>
</kw>
<kw name="Should Be Equal" library="BuiltIn">
<doc>Fails if the given objects are unequal.</doc>
<arguments>
<arg>"${CREATE_BUTTON_TEXT}"</arg>
<arg>"${CREATE_BUTTON}"</arg>
</arguments>
<status status="PASS" starttime="20210301 14:29:54.651" endtime="20210301 14:29:54.651"></status>
</kw>
<status status="PASS" starttime="20210301 14:29:54.589" endtime="20210301 14:29:54.652"></status>
</kw>
<kw name="Login Account" library="keywords">
<arguments>
<arg>\</arg>
<arg>\</arg>
</arguments>
<kw name="Enter Account Info" library="keywords">
<arguments>
<arg>${email}</arg>
<arg>${password}</arg>
</arguments>
<kw name="Input Text" library="SeleniumLibrary">
<doc>Types the given ``text`` into the text field identified by ``locator``.</doc>
<arguments>
<arg>//input[@id="email"]</arg>
<arg>${email}</arg>
</arguments>
<msg timestamp="20210301 14:29:54.653" level="INFO">Typing text '' into text field '//input[@id="email"]'.</msg>
<status status="PASS" starttime="20210301 14:29:54.653" endtime="20210301 14:29:54.725"></status>
</kw>
<kw name="Input Text" library="SeleniumLibrary">
<doc>Types the given ``text`` into the text field identified by ``locator``.</doc>
<arguments>
<arg>//input[@id="password"]</arg>
<arg>${password}</arg>
</arguments>
<msg timestamp="20210301 14:29:54.726" level="INFO">Typing text '' into text field '//input[@id="password"]'.</msg>
<status status="PASS" starttime="20210301 14:29:54.726" endtime="20210301 14:29:54.793"></status>
</kw>
<status status="PASS" starttime="20210301 14:29:54.652" endtime="20210301 14:29:54.794"></status>
</kw>
<kw name="Click Login" library="keywords">
<kw name="Press Keys" library="SeleniumLibrary">
<doc>Simulates the user pressing key(s) to an element or on the active browser.</doc>
<arguments>
<arg>//*[@id="login"]</arg>
<arg>RETURN</arg>
</arguments>
<msg timestamp="20210301 14:29:54.795" level="INFO">Sending key(s) ('RETURN',) to //*[@id="login"] element.</msg>
<msg timestamp="20210301 14:29:55.101" level="INFO">Pressing special key RETURN to element.</msg>
<msg timestamp="20210301 14:29:55.101" level="INFO">Releasing special key RETURN.</msg>
<status status="PASS" starttime="20210301 14:29:54.794" endtime="20210301 14:29:55.129"></status>
</kw>
<status status="PASS" starttime="20210301 14:29:54.794" endtime="20210301 14:29:55.129"></status>
</kw>
<status status="PASS" starttime="20210301 14:29:54.652" endtime="20210301 14:29:55.130"></status>
</kw>
<kw name="Login Fail By Missing Account" library="keywords">
<arguments>
<arg>Login</arg>
<arg>Create\ user</arg>
</arguments>
<kw name="Wait Until Page Contains Element" library="SeleniumLibrary">
<doc>Waits until the element ``locator`` appears on the current page.</doc>
<arguments>
<arg>//*[@id="login"]</arg>
</arguments>
<status status="PASS" starttime="20210301 14:29:55.131" endtime="20210301 14:29:55.146"></status>
</kw>
<kw name="Get Text" library="SeleniumLibrary">
<doc>Returns the text value of the element identified by ``locator``.</doc>
<arguments>
<arg>//*[@id="login"]</arg>
</arguments>
<assign>
<var>${LOGIN_BUTTON}</var>
</assign>
<msg timestamp="20210301 14:29:55.180" level="INFO">${LOGIN_BUTTON} = Login</msg>
<status status="PASS" starttime="20210301 14:29:55.146" endtime="20210301 14:29:55.180"></status>
</kw>
<kw name="Should Be Equal" library="BuiltIn">
<doc>Fails if the given objects are unequal.</doc>
<arguments>
<arg>"${LOGIN_BUTTON_TEXT}"</arg>
<arg>"${LOGIN_BUTTON}"</arg>
</arguments>
<status status="PASS" starttime="20210301 14:29:55.181" endtime="20210301 14:29:55.182"></status>
</kw>
<kw name="Wait Until Page Contains Element" library="SeleniumLibrary">
<doc>Waits until the element ``locator`` appears on the current page.</doc>
<arguments>
<arg>//*[@id="createUser"]</arg>
</arguments>
<status status="PASS" starttime="20210301 14:29:55.183" endtime="20210301 14:29:55.194"></status>
</kw>
<kw name="Get Text" library="SeleniumLibrary">
<doc>Returns the text value of the element identified by ``locator``.</doc>
<arguments>
<arg>//*[@id="createUser"]</arg>
</arguments>
<assign>
<var>${CREATE_BUTTON}</var>
</assign>
<msg timestamp="20210301 14:29:55.214" level="INFO">${CREATE_BUTTON} = Create user</msg>
<status status="PASS" starttime="20210301 14:29:55.194" endtime="20210301 14:29:55.214"></status>
</kw>
<kw name="Should Be Equal" library="BuiltIn">
<doc>Fails if the given objects are unequal.</doc>
<arguments>
<arg>"${CREATE_BUTTON_TEXT}"</arg>
<arg>"${CREATE_BUTTON}"</arg>
</arguments>
<status status="PASS" starttime="20210301 14:29:55.214" endtime="20210301 14:29:55.215"></status>
</kw>
<status status="PASS" starttime="20210301 14:29:55.130" endtime="20210301 14:29:55.215"></status>
</kw>
<kw name="End the test" library="keywords" type="teardown">
<kw name="Click Element" library="SeleniumLibrary">
<doc>Click the element identified by ``locator``.</doc>
<arguments>
<arg>//*[@id="title"]</arg>
</arguments>
<msg timestamp="20210301 14:29:55.216" level="INFO">Clicking element '//*[@id="title"]'.</msg>
<status status="PASS" starttime="20210301 14:29:55.216" endtime="20210301 14:29:55.489"></status>
</kw>
<kw name="Wait Until Page Contains Element" library="SeleniumLibrary">
<doc>Waits until the element ``locator`` appears on the current page.</doc>
<arguments>
<arg>//*[@id="reset"]</arg>
</arguments>
<status status="PASS" starttime="20210301 14:29:55.489" endtime="20210301 14:29:55.508"></status>
</kw>
<kw name="Click Button" library="SeleniumLibrary">
<doc>Clicks the button identified by ``locator``.</doc>
<arguments>
<arg>//*[@id="reset"]</arg>
</arguments>
<msg timestamp="20210301 14:29:55.509" level="INFO">Clicking button '//*[@id="reset"]'.</msg>
<status status="PASS" starttime="20210301 14:29:55.509" endtime="20210301 14:29:55.799"></status>
</kw>
<kw name="Close Browser" library="SeleniumLibrary">
<doc>Closes the current browser.</doc>
<status status="PASS" starttime="20210301 14:29:55.800" endtime="20210301 14:29:58.068"></status>
</kw>
<status status="PASS" starttime="20210301 14:29:55.215" endtime="20210301 14:29:58.069"></status>
</kw>
<doc>User can not login by inputting wrong account or/and password, or missing login info</doc>
<tags>
<tag>Login_failure</tag>
</tags>
<status status="PASS" starttime="20210301 14:29:47.456" endtime="20210301 14:29:58.069" critical="yes"></status>
</test>
<doc>Test Infortiv Car Rental web,
for the G part we test functionalities of "About"-button ,"Create user"-button and Login-function</doc>
<status status="PASS" starttime="20210301 14:29:18.106" endtime="20210301 14:29:58.076"></status>
</suite>
<statistics>
<total>
<stat pass="5" fail="0">Critical Tests</stat>
<stat pass="5" fail="0">All Tests</stat>
</total>
<tag>
<stat pass="1" fail="0">About_page</stat>
<stat pass="1" fail="0">Login</stat>
<stat pass="1" fail="0">Login_failure</stat>
<stat pass="1" fail="0">Ready to register account</stat>
<stat pass="1" fail="0">Web_accessable</stat>
</tag>
<suite>
<stat pass="5" fail="0" id="s1" name="LabAutoForG">LabAutoForG</stat>
</suite>
</statistics>
<errors>
</errors>
</robot>
